Using pre-set license
Built from '2020.2/china_unity/release' branch; Version is '2020.2.1f1c1 (252d8215dd99) revision 2436482'; Using compiler version '192528614'; Build Type 'Release'
OS: 'Windows 10  (10.0.0) 64bit' Language: 'zh' Physical Memory: 8078 MB
BatchMode: 1, IsHumanControllingUs: 0, StartBugReporterOnCrash: 0, Is64bit: 1, IsPro: 0

 COMMAND LINE ARGUMENTS:
C:\Program Files\Unity\Hub\Editor\2020.2.1f1c1\Editor\Unity.exe
-adb2
-batchMode
-noUpm
-name
AssetImportWorker0
-projectPath
E:/12/1/ygo/MaJong
-logFile
Logs/AssetImportWorker0.log
-srvPort
6970
Successfully changed project path to: E:/12/1/ygo/MaJong
E:/12/1/ygo/MaJong
Using Asset Import Pipeline V2.
Refreshing native plugins compatible for Editor in 38.98 ms, found 1 plugins.
Preloading 0 native plugins for Editor in 0.00 ms.
Initialize engine version: 2020.2.1f1c1 (252d8215dd99)
[Subsystems] Discovering subsystems at path C:/Program Files/Unity/Hub/Editor/2020.2.1f1c1/Editor/Data/Resources/UnitySubsystems
[Subsystems] Discovering subsystems at path E:/12/1/ygo/MaJong/Assets
GfxDevice: creating device client; threaded=0
Direct3D:
    Version:  Direct3D 11.0 [level 11.1]
    Renderer: NVIDIA GeForce GTX 1050 (ID=0x1c8d)
    Vendor:   
    VRAM:     1977 MB
    Driver:   26.21.14.3648
Initialize mono
Mono path[0] = 'C:/Program Files/Unity/Hub/Editor/2020.2.1f1c1/Editor/Data/Managed'
Mono path[1] = 'C:/Program Files/Unity/Hub/Editor/2020.2.1f1c1/Editor/Data/MonoBleedingEdge/lib/mono/unityjit'
Mono config path = 'C:/Program Files/Unity/Hub/Editor/2020.2.1f1c1/Editor/Data/MonoBleedingEdge/etc'
Using monoOptions --debugger-agent=transport=dt_socket,embedding=1,server=y,suspend=n,address=127.0.0.1:56456
Begin MonoManager ReloadAssembly
Registering precompiled unity dll's ...
Register platform support module: C:/Program Files/Unity/Hub/Editor/2020.2.1f1c1/Editor/Data/PlaybackEngines/WindowsStandaloneSupport/UnityEditor.WindowsStandalone.Extensions.dll
Registered in 0.001540 seconds.
Native extension for WindowsStandalone target not found
Refreshing native plugins compatible for Editor in 39.16 ms, found 1 plugins.
Preloading 0 native plugins for Editor in 0.00 ms.
Invoked RoslynAnalysisRunner static constructor.
RoslynAnalysisRunner will not be running.
RoslynAnalysisRunner has terminated.
Mono: successfully reloaded assembly
- Completed reload, in  0.957 seconds
Platform modules already initialized, skipping
Registering precompiled user dll's ...
Registered in 0.001147 seconds.
Begin MonoManager ReloadAssembly
Native extension for WindowsStandalone target not found
Refreshing native plugins compatible for Editor in 37.95 ms, found 1 plugins.
Preloading 0 native plugins for Editor in 0.00 ms.
Invoked RoslynAnalysisRunner static constructor.
RoslynAnalysisRunner will not be running.
RoslynAnalysisRunner has terminated.
Mono: successfully reloaded assembly
- Completed reload, in  1.049 seconds
Platform modules already initialized, skipping
========================================================================
Worker process is ready to serve import requests
Launched and connected shader compiler UnityShaderCompiler.exe after 0.05 seconds
Refreshing native plugins compatible for Editor in 0.35 ms, found 1 plugins.
Preloading 0 native plugins for Editor in 0.00 ms.
Unloading 1801 Unused Serialized files (Serialized files now loaded: 0)
System memory in use before: 84.0 MB.
System memory in use after: 84.1 MB.

Unloading 21 unused Assets to reduce memory usage. Loaded Objects now: 2248.
Total: 2.160200 ms (FindLiveObjects: 0.233500 ms CreateObjectMapping: 0.126600 ms MarkObjects: 1.719900 ms  DeleteObjects: 0.078700 ms)

========================================================================
Received Import Request.
  path: Assets/XPFramewoke
  artifactKey: Guid(f07e567272f8abd43822491b9a011dd8) Importer(815301076,1909f56bfc062723c751e8b465ee728b)
Start importing Assets/XPFramewoke using Guid(f07e567272f8abd43822491b9a011dd8) Importer(815301076,1909f56bfc062723c751e8b465ee728b)  -> (artifact id: 'f702e6b518f4809f1fc5274d20b258bc') in 0.032419 seconds
  Import took 0.035730 seconds .

========================================================================
Received Import Request.
  Time since last request: 3.589713 seconds.
  path: Assets/XPFrame
  artifactKey: Guid(f07e567272f8abd43822491b9a011dd8) Importer(815301076,1909f56bfc062723c751e8b465ee728b)
Start importing Assets/XPFrame using Guid(f07e567272f8abd43822491b9a011dd8) Importer(815301076,1909f56bfc062723c751e8b465ee728b)  -> (artifact id: 'a8b2eef8ab4fc883acddf58992a7fe06') in 0.001245 seconds
  Import took 0.004762 seconds .

========================================================================
Received Import Request.
  Time since last request: 3.484037 seconds.
  path: Assets/Frame
  artifactKey: Guid(f07e567272f8abd43822491b9a011dd8) Importer(815301076,1909f56bfc062723c751e8b465ee728b)
Start importing Assets/Frame using Guid(f07e567272f8abd43822491b9a011dd8) Importer(815301076,1909f56bfc062723c751e8b465ee728b)  -> (artifact id: '503f3c26907b0fbe986ba447602edb9b') in 0.002229 seconds
  Import took 0.007351 seconds .

========================================================================
Received Prepare
Registering precompiled user dll's ...
Registered in 0.000848 seconds.
Begin MonoManager ReloadAssembly
Native extension for WindowsStandalone target not found
Refreshing native plugins compatible for Editor in 0.41 ms, found 1 plugins.
Preloading 0 native plugins for Editor in 0.00 ms.
Invoked RoslynAnalysisRunner static constructor.
RoslynAnalysisRunner will not be running.
RoslynAnalysisRunner has terminated.
Mono: successfully reloaded assembly
- Completed reload, in  0.901 seconds
Platform modules already initialized, skipping
Refreshing native plugins compatible for Editor in 0.40 ms, found 1 plugins.
Preloading 0 native plugins for Editor in 0.00 ms.
Unloading 1777 Unused Serialized files (Serialized files now loaded: 0)
System memory in use before: 83.3 MB.
System memory in use after: 83.4 MB.

Unloading 21 unused Assets to reduce memory usage. Loaded Objects now: 2237.
Total: 3.074500 ms (FindLiveObjects: 0.293500 ms CreateObjectMapping: 0.127600 ms MarkObjects: 2.596200 ms  DeleteObjects: 0.056100 ms)

========================================================================
Received Prepare
Registering precompiled user dll's ...
Registered in 0.001168 seconds.
Begin MonoManager ReloadAssembly
Native extension for WindowsStandalone target not found
Refreshing native plugins compatible for Editor in 0.38 ms, found 1 plugins.
Preloading 0 native plugins for Editor in 0.00 ms.
Invoked RoslynAnalysisRunner static constructor.
RoslynAnalysisRunner will not be running.
RoslynAnalysisRunner has terminated.
Mono: successfully reloaded assembly
- Completed reload, in  0.902 seconds
Platform modules already initialized, skipping
Refreshing native plugins compatible for Editor in 0.34 ms, found 1 plugins.
Preloading 0 native plugins for Editor in 0.00 ms.
Unloading 1782 Unused Serialized files (Serialized files now loaded: 0)
System memory in use before: 83.4 MB.
System memory in use after: 83.6 MB.

Unloading 7 unused Assets to reduce memory usage. Loaded Objects now: 2245.
Total: 2.581900 ms (FindLiveObjects: 0.335500 ms CreateObjectMapping: 0.082400 ms MarkObjects: 2.129800 ms  DeleteObjects: 0.033000 ms)

========================================================================
Received Prepare
Registering precompiled user dll's ...
Registered in 0.000653 seconds.
Begin MonoManager ReloadAssembly
Native extension for WindowsStandalone target not found
Refreshing native plugins compatible for Editor in 0.33 ms, found 1 plugins.
Preloading 0 native plugins for Editor in 0.00 ms.
Invoked RoslynAnalysisRunner static constructor.
RoslynAnalysisRunner will not be running.
RoslynAnalysisRunner has terminated.
Mono: successfully reloaded assembly
- Completed reload, in  0.896 seconds
Platform modules already initialized, skipping
Refreshing native plugins compatible for Editor in 0.52 ms, found 1 plugins.
Preloading 0 native plugins for Editor in 0.00 ms.
Unloading 1782 Unused Serialized files (Serialized files now loaded: 0)
System memory in use before: 83.5 MB.
System memory in use after: 83.7 MB.

Unloading 7 unused Assets to reduce memory usage. Loaded Objects now: 2248.
Total: 2.203500 ms (FindLiveObjects: 0.225500 ms CreateObjectMapping: 0.073800 ms MarkObjects: 1.886100 ms  DeleteObjects: 0.016800 ms)

========================================================================
Received Prepare
Registering precompiled user dll's ...
Registered in 0.000732 seconds.
Begin MonoManager ReloadAssembly
Native extension for WindowsStandalone target not found
Refreshing native plugins compatible for Editor in 0.44 ms, found 1 plugins.
Preloading 0 native plugins for Editor in 0.00 ms.
Invoked RoslynAnalysisRunner static constructor.
RoslynAnalysisRunner will not be running.
RoslynAnalysisRunner has terminated.
Mono: successfully reloaded assembly
- Completed reload, in  0.892 seconds
Platform modules already initialized, skipping
Refreshing native plugins compatible for Editor in 0.35 ms, found 1 plugins.
Preloading 0 native plugins for Editor in 0.00 ms.
Unloading 1782 Unused Serialized files (Serialized files now loaded: 0)
System memory in use before: 83.6 MB.
System memory in use after: 83.7 MB.

Unloading 7 unused Assets to reduce memory usage. Loaded Objects now: 2251.
Total: 2.660700 ms (FindLiveObjects: 0.373800 ms CreateObjectMapping: 0.134000 ms MarkObjects: 2.134600 ms  DeleteObjects: 0.017000 ms)

========================================================================
Received Prepare
Registering precompiled user dll's ...
Registered in 0.000888 seconds.
Begin MonoManager ReloadAssembly
Native extension for WindowsStandalone target not found
Refreshing native plugins compatible for Editor in 0.60 ms, found 1 plugins.
Preloading 0 native plugins for Editor in 0.00 ms.
Invoked RoslynAnalysisRunner static constructor.
RoslynAnalysisRunner will not be running.
RoslynAnalysisRunner has terminated.
Mono: successfully reloaded assembly
- Completed reload, in  1.041 seconds
Platform modules already initialized, skipping
Refreshing native plugins compatible for Editor in 0.47 ms, found 1 plugins.
Preloading 0 native plugins for Editor in 0.00 ms.
Unloading 1783 Unused Serialized files (Serialized files now loaded: 0)
System memory in use before: 83.7 MB.
System memory in use after: 83.8 MB.

Unloading 7 unused Assets to reduce memory usage. Loaded Objects now: 2255.
Total: 2.409000 ms (FindLiveObjects: 0.204400 ms CreateObjectMapping: 0.066300 ms MarkObjects: 2.099600 ms  DeleteObjects: 0.037300 ms)

========================================================================
Received Prepare
Registering precompiled user dll's ...
Registered in 0.001376 seconds.
Begin MonoManager ReloadAssembly
Native extension for WindowsStandalone target not found
Refreshing native plugins compatible for Editor in 0.38 ms, found 1 plugins.
Preloading 0 native plugins for Editor in 0.00 ms.
Invoked RoslynAnalysisRunner static constructor.
RoslynAnalysisRunner will not be running.
RoslynAnalysisRunner has terminated.
Mono: successfully reloaded assembly
- Completed reload, in  0.949 seconds
Platform modules already initialized, skipping
Refreshing native plugins compatible for Editor in 0.49 ms, found 1 plugins.
Preloading 0 native plugins for Editor in 0.00 ms.
Unloading 1783 Unused Serialized files (Serialized files now loaded: 0)
System memory in use before: 83.8 MB.
System memory in use after: 83.9 MB.

Unloading 7 unused Assets to reduce memory usage. Loaded Objects now: 2258.
Total: 2.066600 ms (FindLiveObjects: 0.240900 ms CreateObjectMapping: 0.063400 ms MarkObjects: 1.746700 ms  DeleteObjects: 0.014600 ms)

========================================================================
Received Import Request.
  Time since last request: 599.567268 seconds.
  path: Assets/Frame/SoundManager.cs
  artifactKey: Guid(fc3018de12bad954c9d46410ea559ce1) Importer(815301076,1909f56bfc062723c751e8b465ee728b)
Start importing Assets/Frame/SoundManager.cs using Guid(fc3018de12bad954c9d46410ea559ce1) Importer(815301076,1909f56bfc062723c751e8b465ee728b)  -> (artifact id: '19311a547c92a88fd505ce3ee8b803b5') in 0.170202 seconds
  Import took 0.174151 seconds .

========================================================================
Received Prepare
Registering precompiled user dll's ...
Registered in 0.003230 seconds.
Begin MonoManager ReloadAssembly
Native extension for WindowsStandalone target not found
Refreshing native plugins compatible for Editor in 0.45 ms, found 1 plugins.
Preloading 0 native plugins for Editor in 0.00 ms.
Invoked RoslynAnalysisRunner static constructor.
RoslynAnalysisRunner will not be running.
RoslynAnalysisRunner has terminated.
[ScriptCompilation] NOT recompiling all scripts because this is an import worker process. Reason to compile was: Define symbols changed
Mono: successfully reloaded assembly
- Completed reload, in  1.257 seconds
Platform modules already initialized, skipping
Refreshing native plugins compatible for Editor in 0.42 ms, found 1 plugins.
Preloading 0 native plugins for Editor in 0.00 ms.
Unloading 1805 Unused Serialized files (Serialized files now loaded: 0)
System memory in use before: 105.8 MB.
System memory in use after: 106.0 MB.

Unloading 17 unused Assets to reduce memory usage. Loaded Objects now: 2323.
Total: 19.804700 ms (FindLiveObjects: 0.241000 ms CreateObjectMapping: 0.066900 ms MarkObjects: 19.458600 ms  DeleteObjects: 0.036500 ms)

========================================================================
Received Prepare
Registering precompiled user dll's ...
Registered in 0.003167 seconds.
Begin MonoManager ReloadAssembly
Native extension for WindowsStandalone target not found
Refreshing native plugins compatible for Editor in 0.41 ms, found 1 plugins.
Preloading 0 native plugins for Editor in 0.00 ms.
Invoked RoslynAnalysisRunner static constructor.
RoslynAnalysisRunner will not be running.
RoslynAnalysisRunner has terminated.
Mono: successfully reloaded assembly
- Completed reload, in  1.298 seconds
Platform modules already initialized, skipping
Refreshing native plugins compatible for Editor in 0.41 ms, found 1 plugins.
Preloading 0 native plugins for Editor in 0.00 ms.
Unloading 1804 Unused Serialized files (Serialized files now loaded: 0)
System memory in use before: 106.0 MB.
System memory in use after: 106.1 MB.

Unloading 17 unused Assets to reduce memory usage. Loaded Objects now: 2326.
Total: 20.612600 ms (FindLiveObjects: 0.219000 ms CreateObjectMapping: 0.072700 ms MarkObjects: 20.289000 ms  DeleteObjects: 0.030300 ms)

========================================================================
Received Import Request.
  Time since last request: 92.410678 seconds.
  path: Assets/unity3d.txt
  artifactKey: Guid(edd3550039f2e3444b61aa4773448b76) Importer(815301076,1909f56bfc062723c751e8b465ee728b)
Start importing Assets/unity3d.txt using Guid(edd3550039f2e3444b61aa4773448b76) Importer(815301076,1909f56bfc062723c751e8b465ee728b)  -> (artifact id: '4cfe4cc5fa6595dfae2778e370a32e01') in 0.028561 seconds
  Import took 0.032471 seconds .

========================================================================
Received Import Request.
  Time since last request: 0.031319 seconds.
  path: Assets/unity3d.txt
  artifactKey: Guid(edd3550039f2e3444b61aa4773448b76) Importer(815301076,1909f56bfc062723c751e8b465ee728b)
Start importing Assets/unity3d.txt using Guid(edd3550039f2e3444b61aa4773448b76) Importer(815301076,1909f56bfc062723c751e8b465ee728b)  -> (artifact id: '4cfe4cc5fa6595dfae2778e370a32e01') in 0.001517 seconds
  Import took 0.004674 seconds .

========================================================================
Received Import Request.
  Time since last request: 6.203618 seconds.
  path: Assets/Help.pdf
  artifactKey: Guid(f2869759a9f243c4b9b42a12782c39cb) Importer(815301076,1909f56bfc062723c751e8b465ee728b)
Start importing Assets/Help.pdf using Guid(f2869759a9f243c4b9b42a12782c39cb) Importer(815301076,1909f56bfc062723c751e8b465ee728b)  -> (artifact id: '13d4767cd0081629456a75117b63b3b1') in 0.025499 seconds
  Import took 0.044952 seconds .

========================================================================
Received Import Request.
  Time since last request: 33.114006 seconds.
  path: Assets/Scenes/SampleScene.unity
  artifactKey: Guid(2cda990e2423bbf4892e6590ba056729) Importer(815301076,1909f56bfc062723c751e8b465ee728b)
Start importing Assets/Scenes/SampleScene.unity using Guid(2cda990e2423bbf4892e6590ba056729) Importer(815301076,1909f56bfc062723c751e8b465ee728b)  -> (artifact id: '3c7380e303b18e4e934f9cc94e733899') in 0.001922 seconds
  Import took 0.005897 seconds .

========================================================================
Received Import Request.
  Time since last request: 3.671467 seconds.
  path: Assets/Scenes/Main.unity
  artifactKey: Guid(2cda990e2423bbf4892e6590ba056729) Importer(815301076,1909f56bfc062723c751e8b465ee728b)
Start importing Assets/Scenes/Main.unity using Guid(2cda990e2423bbf4892e6590ba056729) Importer(815301076,1909f56bfc062723c751e8b465ee728b)  -> (artifact id: 'df6abb21af9920c5f68d46eccca35ad7') in 0.001638 seconds
  Import took 0.005763 seconds .

========================================================================
Received Import Request.
  Time since last request: 10.285970 seconds.
  path: Assets/Resources
  artifactKey: Guid(2f64bbe2252da00498350018a13ac1fc) Importer(815301076,1909f56bfc062723c751e8b465ee728b)
Start importing Assets/Resources using Guid(2f64bbe2252da00498350018a13ac1fc) Importer(815301076,1909f56bfc062723c751e8b465ee728b)  -> (artifact id: 'f96073ec1b44e58ba4de6a8578cc0dd3') in 0.001714 seconds
  Import took 0.006671 seconds .

========================================================================
Received Import Request.
  Time since last request: 3.887100 seconds.
  path: Assets/Resources/Sound
  artifactKey: Guid(f8d06df7d9e7e164798d8f5ae9abbea3) Importer(815301076,1909f56bfc062723c751e8b465ee728b)
Start importing Assets/Resources/Sound using Guid(f8d06df7d9e7e164798d8f5ae9abbea3) Importer(815301076,1909f56bfc062723c751e8b465ee728b)  -> (artifact id: 'e7911a7748d5aa9253ff53a636043d6c') in 0.001357 seconds
  Import took 0.006495 seconds .

========================================================================
Received Import Request.
  Time since last request: 6.247212 seconds.
  path: Assets/Resources/mage
  artifactKey: Guid(b17eb88649300f9409b72e263d28684f) Importer(815301076,1909f56bfc062723c751e8b465ee728b)
Start importing Assets/Resources/mage using Guid(b17eb88649300f9409b72e263d28684f) Importer(815301076,1909f56bfc062723c751e8b465ee728b)  -> (artifact id: 'df6a60a6f849ee312c9593462f47ac7b') in 0.001383 seconds
  Import took 0.005836 seconds .

========================================================================
Received Import Request.
  Time since last request: 2.668449 seconds.
  path: Assets/Resources/Image
  artifactKey: Guid(b17eb88649300f9409b72e263d28684f) Importer(815301076,1909f56bfc062723c751e8b465ee728b)
Start importing Assets/Resources/Image using Guid(b17eb88649300f9409b72e263d28684f) Importer(815301076,1909f56bfc062723c751e8b465ee728b)  -> (artifact id: '7bc152a1de2f2532830eadd2e57ecf37') in 0.001483 seconds
  Import took 0.005699 seconds .

========================================================================
Received Import Request.
  Time since last request: 9.973978 seconds.
  path: Assets/Script
  artifactKey: Guid(69a25280af4a1514b9eac4c1e35e91bf) Importer(815301076,1909f56bfc062723c751e8b465ee728b)
Start importing Assets/Script using Guid(69a25280af4a1514b9eac4c1e35e91bf) Importer(815301076,1909f56bfc062723c751e8b465ee728b)  -> (artifact id: 'a8739f5cbe9c526b963bc353907815ba') in 0.001584 seconds
  Import took 0.037718 seconds .

========================================================================
Received Import Request.
  Time since last request: 3.546935 seconds.
  path: Assets/Script/Game
  artifactKey: Guid(3d1762e51c5210345a293d71dab00aca) Importer(815301076,1909f56bfc062723c751e8b465ee728b)
Start importing Assets/Script/Game using Guid(3d1762e51c5210345a293d71dab00aca) Importer(815301076,1909f56bfc062723c751e8b465ee728b)  -> (artifact id: '17805ae0b14c9a85ffda50d806be7729') in 0.001362 seconds
  Import took 0.005275 seconds .

========================================================================
Received Import Request.
  Time since last request: 17.386775 seconds.
  path: Assets/Frame
  artifactKey: Guid(bb084d00c2dbc8c4781e8eb21c0be411) Importer(815301076,1909f56bfc062723c751e8b465ee728b)
Start importing Assets/Frame using Guid(bb084d00c2dbc8c4781e8eb21c0be411) Importer(815301076,1909f56bfc062723c751e8b465ee728b)  -> (artifact id: '76ed4c60934adcf9b7a20de47ac8c69b') in 0.001769 seconds
  Import took 0.006285 seconds .

AssetImportWorkerClient::OnTransportError - code=2 error=End of file
